[3.273s] DEBUG:colcon:Command line arguments: ['/usr/bin/colcon', 'graph', '--dot']
[3.273s] DEBUG:colcon:Parsed command line arguments: Namespace(log_base=None, log_level=None, verb_name='graph', build_base='build', ignore_user_meta=False, metas=['./colcon.meta'], base_paths=['.'], packages_ignore=None, packages_ignore_regex=None, paths=None, packages_up_to=None, packages_up_to_regex=None, packages_above=None, packages_above_and_dependencies=None, packages_above_depth=None, packages_select_by_dep=None, packages_skip_by_dep=None, packages_skip_up_to=None, packages_select_build_failed=False, packages_skip_build_finished=False, packages_select_test_failures=False, packages_skip_test_passed=False, packages_select=None, packages_skip=None, packages_select_regex=None, packages_skip_regex=None, packages_start=None, packages_end=None, allow_overriding=[], dot=True, density=False, legend=False, dot_cluster=False, dot_include_skipped=False, verb_parser=<colcon_defaults.argument_parser.defaults.DefaultArgumentsDecorator object at 0x7f97a85bef50>, verb_extension=<colcon_package_information.verb.graph.GraphVerb object at 0x7f97a85be950>, main=<bound method GraphVerb.main of <colcon_package_information.verb.graph.GraphVerb object at 0x7f97a85be950>>)
[3.452s] Level 1:colcon.colcon_core.package_discovery:discover_packages(colcon_meta) check parameters
[3.453s] Level 1:colcon.colcon_core.package_discovery:discover_packages(recursive) check parameters
[3.453s] Level 1:colcon.colcon_core.package_discovery:discover_packages(ignore) check parameters
[3.453s] Level 1:colcon.colcon_core.package_discovery:discover_packages(path) check parameters
[3.453s] Level 1:colcon.colcon_core.package_discovery:discover_packages(colcon_meta) discover
[3.453s] Level 1:colcon.colcon_core.package_discovery:discover_packages(recursive) discover
[3.454s] INFO:colcon.colcon_core.package_discovery:Crawling recursively for packages in '/home/fabrizzio/ros2_ws/src/swarm_bots/screenshots'
[3.454s] Level 1:colcon.colcon_core.package_identification:_identify(.) by extensions ['ignore', 'ignore_ament_install']
[3.454s] Level 1:colcon.colcon_core.package_identification:_identify(.) by extension 'ignore'
[3.454s] Level 1:colcon.colcon_core.package_identification:_identify(.) by extension 'ignore_ament_install'
[3.455s] Level 1:colcon.colcon_core.package_identification:_identify(.) by extensions ['colcon_pkg']
[3.455s] Level 1:colcon.colcon_core.package_identification:_identify(.) by extension 'colcon_pkg'
[3.455s] Level 1:colcon.colcon_core.package_identification:_identify(.) by extensions ['colcon_meta']
[3.455s] Level 1:colcon.colcon_core.package_identification:_identify(.) by extension 'colcon_meta'
[3.455s] Level 1:colcon.colcon_core.package_identification:_identify(.) by extensions ['ros']
[3.455s] Level 1:colcon.colcon_core.package_identification:_identify(.) by extension 'ros'
[3.489s] Level 1:colcon.colcon_core.package_identification:_identify(.) by extensions ['cmake', 'python']
[3.490s] Level 1:colcon.colcon_core.package_identification:_identify(.) by extension 'cmake'
[3.490s] Level 1:colcon.colcon_core.package_identification:_identify(.) by extension 'python'
[3.490s] Level 1:colcon.colcon_core.package_identification:_identify(.) by extensions ['python_setup_py']
[3.490s] Level 1:colcon.colcon_core.package_identification:_identify(.) by extension 'python_setup_py'
[3.491s] Level 1:colcon.colcon_core.package_identification:_identify(log) by extensions ['ignore', 'ignore_ament_install']
[3.491s] Level 1:colcon.colcon_core.package_identification:_identify(log) by extension 'ignore'
[3.491s] Level 1:colcon.colcon_core.package_identification:_identify(log) ignored
[3.491s] Level 1:colcon.colcon_core.package_discovery:discover_packages(recursive) using defaults
[3.491s] Level 1:colcon.colcon_core.package_discovery:discover_packages(ignore) discover
[3.491s] Level 1:colcon.colcon_core.package_discovery:discover_packages(ignore) using defaults
[3.492s] Level 1:colcon.colcon_core.package_discovery:discover_packages(path) discover
[3.492s] Level 1:colcon.colcon_core.package_discovery:discover_packages(path) using defaults
