-- The C compiler identification is GNU 11.4.0
-- The CXX compiler identification is GNU 11.4.0
-- Detecting C compiler ABI info
-- Detecting C compiler ABI info - done
-- Check for working C compiler: /usr/bin/cc - skipped
-- Detecting C compile features
-- Detecting C compile features - done
-- Detecting CXX compiler ABI info
-- Detecting CXX compiler ABI info - done
-- Check for working CXX compiler: /usr/bin/c++ - skipped
-- Detecting CXX compile features
-- Detecting CXX compile features - done
-- Found OpenCV: /usr (found version "4.5.4") 
-- Found GTest: /usr/lib/x86_64-linux-gnu/cmake/GTest/GTestConfig.cmake (found version "1.11.0")  
-- Found Doxygen: /usr/bin/doxygen (found version "1.9.1") found components: doxygen dot 
-- Found rclcpp: 16.0.7 (/opt/ros/humble/share/rclcpp/cmake)
-- Found Python3: /usr/bin/python3.10 (found version "3.10.12") found components: Interpreter 
-- Found rosidl_generator_c: 3.1.5 (/opt/ros/humble/share/rosidl_generator_c/cmake)
-- Found rosidl_adapter: 3.1.5 (/opt/ros/humble/share/rosidl_adapter/cmake)
-- Found rosidl_generator_cpp: 3.1.5 (/opt/ros/humble/share/rosidl_generator_cpp/cmake)
-- Using all available rosidl_typesupport_c: rosidl_typesupport_fastrtps_c;rosidl_typesupport_introspection_c
-- Using all available rosidl_typesupport_cpp: rosidl_typesupport_fastrtps_cpp;rosidl_typesupport_introspection_cpp
-- Found rmw_implementation_cmake: 6.1.1 (/opt/ros/humble/share/rmw_implementation_cmake/cmake)
-- Found rmw_fastrtps_cpp: 6.2.5 (/opt/ros/humble/share/rmw_fastrtps_cpp/cmake)
-- Found OpenSSL: /usr/lib/x86_64-linux-gnu/libcrypto.so (found version "3.0.2")  
-- Found FastRTPS: /opt/ros/humble/include  
-- Using RMW implementation 'rmw_fastrtps_cpp' as default
-- Found Threads: TRUE  
-- CMAKE_BUILD_TYPE = 
-- WANT_COVERAGE    = OFF
-- Configuring done
-- Generating done
-- Build files have been written to: /home/fabrizzio/ros2_ws/src/swarm_bots/src/swarm_library/build/swarm_library
[ 14%] [32mBuilding CXX object CMakeFiles/swarm_library.dir/src/path.cpp.o[0m
[ 28%] [32m[1mLinking CXX static library libswarm_library.a[0m
[ 28%] Built target swarm_library
[ 42%] [32mBuilding CXX object CMakeFiles/path.dir/src/path.cpp.o[0m
[ 57%] [32mBuilding CXX object test/CMakeFiles/swarm_library_tester.dir/main.cpp.o[0m
[ 71%] [32mBuilding CXX object test/CMakeFiles/swarm_library_tester.dir/test.cpp.o[0m
[ 85%] [32m[1mLinking CXX executable swarm_library_tester[0m
[ 85%] Built target swarm_library_tester
[100%] [32m[1mLinking CXX executable path[0m
[100%] Built target path
-- Install configuration: ""
-- Installing: /home/fabrizzio/ros2_ws/src/swarm_bots/src/swarm_library/install/swarm_library/lib/swarm_library/libswarm_library.a
-- Installing: /home/fabrizzio/ros2_ws/src/swarm_bots/src/swarm_library/install/swarm_library/include/path.hpp
-- Installing: /home/fabrizzio/ros2_ws/src/swarm_bots/src/swarm_library/install/swarm_library/share/swarm_library/cmake/swarm_library-export.cmake
-- Installing: /home/fabrizzio/ros2_ws/src/swarm_bots/src/swarm_library/install/swarm_library/share/swarm_library/cmake/swarm_library-export-noconfig.cmake
