[0.334s] Invoking command in '/home/fabrizzio/ros2_ws/src/swarm_bots/src/swarm_library/build/swarm_library': /usr/bin/cmake /home/fabrizzio/ros2_ws/src/swarm_bots/src/swarm_library -DCMAKE_INSTALL_PREFIX=/home/fabrizzio/ros2_ws/src/swarm_bots/src/swarm_library/install/swarm_library
[0.565s] -- The C compiler identification is GNU 11.4.0
[0.788s] -- The CXX compiler identification is GNU 11.4.0
[0.818s] -- Detecting C compiler ABI info
[1.205s] -- Detecting C compiler ABI info - done
[1.264s] -- Check for working C compiler: /usr/bin/cc - skipped
[1.265s] -- Detecting C compile features
[1.268s] -- Detecting C compile features - done
[1.283s] -- Detecting CXX compiler ABI info
[1.632s] -- Detecting CXX compiler ABI info - done
[1.669s] -- Check for working CXX compiler: /usr/bin/c++ - skipped
[1.670s] -- Detecting CXX compile features
[1.672s] -- Detecting CXX compile features - done
[1.783s] -- Found OpenCV: /usr (found version "4.5.4") 
[2.484s] -- Found GTest: /usr/lib/x86_64-linux-gnu/cmake/GTest/GTestConfig.cmake (found version "1.11.0")  
[2.593s] -- Found Doxygen: /usr/bin/doxygen (found version "1.9.1") found components: doxygen dot 
[2.745s] -- Found rclcpp: 16.0.7 (/opt/ros/humble/share/rclcpp/cmake)
[3.604s] -- Found Python3: /usr/bin/python3.10 (found version "3.10.12") found components: Interpreter 
[4.636s] -- Found rosidl_generator_c: 3.1.5 (/opt/ros/humble/share/rosidl_generator_c/cmake)
[4.689s] -- Found rosidl_adapter: 3.1.5 (/opt/ros/humble/share/rosidl_adapter/cmake)
[4.757s] -- Found rosidl_generator_cpp: 3.1.5 (/opt/ros/humble/share/rosidl_generator_cpp/cmake)
[4.861s] -- Using all available rosidl_typesupport_c: rosidl_typesupport_fastrtps_c;rosidl_typesupport_introspection_c
[5.048s] -- Using all available rosidl_typesupport_cpp: rosidl_typesupport_fastrtps_cpp;rosidl_typesupport_introspection_cpp
[5.456s] -- Found rmw_implementation_cmake: 6.1.1 (/opt/ros/humble/share/rmw_implementation_cmake/cmake)
[5.478s] -- Found rmw_fastrtps_cpp: 6.2.5 (/opt/ros/humble/share/rmw_fastrtps_cpp/cmake)
[5.950s] -- Found OpenSSL: /usr/lib/x86_64-linux-gnu/libcrypto.so (found version "3.0.2")  
[6.078s] -- Found FastRTPS: /opt/ros/humble/include  
[6.301s] -- Using RMW implementation 'rmw_fastrtps_cpp' as default
[6.367s] -- Found Threads: TRUE  
[7.092s] -- CMAKE_BUILD_TYPE = 
[7.093s] -- WANT_COVERAGE    = OFF
[7.115s] -- Configuring done
[7.166s] -- Generating done
[7.174s] -- Build files have been written to: /home/fabrizzio/ros2_ws/src/swarm_bots/src/swarm_library/build/swarm_library
[7.211s] Invoked command in '/home/fabrizzio/ros2_ws/src/swarm_bots/src/swarm_library/build/swarm_library' returned '0': /usr/bin/cmake /home/fabrizzio/ros2_ws/src/swarm_bots/src/swarm_library -DCMAKE_INSTALL_PREFIX=/home/fabrizzio/ros2_ws/src/swarm_bots/src/swarm_library/install/swarm_library
[7.219s] Invoking command in '/home/fabrizzio/ros2_ws/src/swarm_bots/src/swarm_library/build/swarm_library': /usr/bin/cmake --build /home/fabrizzio/ros2_ws/src/swarm_bots/src/swarm_library/build/swarm_library -- -j8 -l8
[7.459s] [ 14%] [32mBuilding CXX object CMakeFiles/swarm_library.dir/src/path.cpp.o[0m
[11.096s] [ 28%] [32m[1mLinking CXX static library libswarm_library.a[0m
[11.263s] [ 28%] Built target swarm_library
[11.364s] [ 42%] [32mBuilding CXX object CMakeFiles/path.dir/src/path.cpp.o[0m
[11.365s] [ 57%] [32mBuilding CXX object test/CMakeFiles/swarm_library_tester.dir/main.cpp.o[0m
[11.366s] [ 71%] [32mBuilding CXX object test/CMakeFiles/swarm_library_tester.dir/test.cpp.o[0m
[14.365s] [ 85%] [32m[1mLinking CXX executable swarm_library_tester[0m
[14.866s] [ 85%] Built target swarm_library_tester
[14.989s] [100%] [32m[1mLinking CXX executable path[0m
[15.499s] [100%] Built target path
[15.552s] Invoked command in '/home/fabrizzio/ros2_ws/src/swarm_bots/src/swarm_library/build/swarm_library' returned '0': /usr/bin/cmake --build /home/fabrizzio/ros2_ws/src/swarm_bots/src/swarm_library/build/swarm_library -- -j8 -l8
[15.743s] Invoking command in '/home/fabrizzio/ros2_ws/src/swarm_bots/src/swarm_library/build/swarm_library': /usr/bin/cmake --install /home/fabrizzio/ros2_ws/src/swarm_bots/src/swarm_library/build/swarm_library
[15.779s] -- Install configuration: ""
[15.780s] -- Installing: /home/fabrizzio/ros2_ws/src/swarm_bots/src/swarm_library/install/swarm_library/lib/swarm_library/libswarm_library.a
[15.782s] -- Installing: /home/fabrizzio/ros2_ws/src/swarm_bots/src/swarm_library/install/swarm_library/include/path.hpp
[15.784s] -- Installing: /home/fabrizzio/ros2_ws/src/swarm_bots/src/swarm_library/install/swarm_library/share/swarm_library/cmake/swarm_library-export.cmake
[15.784s] -- Installing: /home/fabrizzio/ros2_ws/src/swarm_bots/src/swarm_library/install/swarm_library/share/swarm_library/cmake/swarm_library-export-noconfig.cmake
[15.792s] Invoked command in '/home/fabrizzio/ros2_ws/src/swarm_bots/src/swarm_library/build/swarm_library' returned '0': /usr/bin/cmake --install /home/fabrizzio/ros2_ws/src/swarm_bots/src/swarm_library/build/swarm_library
