[5.055s] DEBUG:colcon:Command line arguments: ['/usr/bin/colcon', 'build', '--packages-select', 'swarm_library']
[5.055s] DEBUG:colcon:Parsed command line arguments: Namespace(log_base=None, log_level=None, verb_name='build', build_base='build', install_base='install', merge_install=False, symlink_install=False, test_result_base=None, continue_on_error=False, executor='parallel', parallel_workers=8, event_handlers=None, ignore_user_meta=False, metas=['./colcon.meta'], base_paths=['.'], packages_ignore=None, packages_ignore_regex=None, paths=None, packages_up_to=None, packages_up_to_regex=None, packages_above=None, packages_above_and_dependencies=None, packages_above_depth=None, packages_select_by_dep=None, packages_skip_by_dep=None, packages_skip_up_to=None, packages_select_build_failed=False, packages_skip_build_finished=False, packages_select_test_failures=False, packages_skip_test_passed=False, packages_select=['swarm_library'], packages_skip=None, packages_select_regex=None, packages_skip_regex=None, packages_start=None, packages_end=None, allow_overriding=[], cmake_args=None, cmake_target=None, cmake_target_skip_unavailable=False, cmake_clean_cache=False, cmake_clean_first=False, cmake_force_configure=False, ament_cmake_args=None, catkin_cmake_args=None, catkin_skip_building_tests=False, verb_parser=<colcon_defaults.argument_parser.defaults.DefaultArgumentsDecorator object at 0x7ffa8aa21e40>, verb_extension=<colcon_core.verb.build.BuildVerb object at 0x7ffa8aa238b0>, main=<bound method BuildVerb.main of <colcon_core.verb.build.BuildVerb object at 0x7ffa8aa238b0>>)
[5.296s] Level 1:colcon.colcon_core.package_discovery:discover_packages(colcon_meta) check parameters
[5.296s] Level 1:colcon.colcon_core.package_discovery:discover_packages(recursive) check parameters
[5.296s] Level 1:colcon.colcon_core.package_discovery:discover_packages(ignore) check parameters
[5.296s] Level 1:colcon.colcon_core.package_discovery:discover_packages(path) check parameters
[5.296s] Level 1:colcon.colcon_core.package_discovery:discover_packages(colcon_meta) discover
[5.297s] Level 1:colcon.colcon_core.package_discovery:discover_packages(recursive) discover
[5.297s] INFO:colcon.colcon_core.package_discovery:Crawling recursively for packages in '/home/fabrizzio/ros2_ws/src/swarm_bots/src/swarm_library'
[5.297s] Level 1:colcon.colcon_core.package_identification:_identify(.) by extensions ['ignore', 'ignore_ament_install']
[5.298s] Level 1:colcon.colcon_core.package_identification:_identify(.) by extension 'ignore'
[5.298s] Level 1:colcon.colcon_core.package_identification:_identify(.) by extension 'ignore_ament_install'
[5.298s] Level 1:colcon.colcon_core.package_identification:_identify(.) by extensions ['colcon_pkg']
[5.298s] Level 1:colcon.colcon_core.package_identification:_identify(.) by extension 'colcon_pkg'
[5.299s] Level 1:colcon.colcon_core.package_identification:_identify(.) by extensions ['colcon_meta']
[5.299s] Level 1:colcon.colcon_core.package_identification:_identify(.) by extension 'colcon_meta'
[5.299s] Level 1:colcon.colcon_core.package_identification:_identify(.) by extensions ['ros']
[5.299s] Level 1:colcon.colcon_core.package_identification:_identify(.) by extension 'ros'
[5.349s] Level 1:colcon.colcon_core.package_identification:_identify(.) by extensions ['cmake', 'python']
[5.349s] Level 1:colcon.colcon_core.package_identification:_identify(.) by extension 'cmake'
[5.403s] Level 1:colcon.colcon_core.package_identification:_identify(.) by extension 'python'
[5.403s] DEBUG:colcon.colcon_core.package_identification:Package '.' with type 'cmake' and name 'swarm_library'
[5.404s] Level 1:colcon.colcon_core.package_discovery:discover_packages(recursive) using defaults
[5.404s] Level 1:colcon.colcon_core.package_discovery:discover_packages(ignore) discover
[5.404s] Level 1:colcon.colcon_core.package_discovery:discover_packages(ignore) using defaults
[5.404s] Level 1:colcon.colcon_core.package_discovery:discover_packages(path) discover
[5.404s] Level 1:colcon.colcon_core.package_discovery:discover_packages(path) using defaults
[5.862s] Level 1:colcon.colcon_core.package_discovery:discover_packages(prefix_path) check parameters
[5.862s] Level 1:colcon.colcon_core.package_discovery:discover_packages(prefix_path) discover
[6.040s] DEBUG:colcon.colcon_installed_package_information.package_discovery:Found 24 installed packages in /home/fabrizzio/ros2_ws/install
[6.130s] DEBUG:colcon.colcon_installed_package_information.package_discovery:Found 422 installed packages in /opt/ros/humble
[6.145s] Level 1:colcon.colcon_core.package_discovery:discover_packages(prefix_path) using defaults
[6.818s] Level 5:colcon.colcon_core.verb:set package 'swarm_library' build argument 'cmake_args' from command line to 'None'
[6.818s] Level 5:colcon.colcon_core.verb:set package 'swarm_library' build argument 'cmake_target' from command line to 'None'
[6.819s] Level 5:colcon.colcon_core.verb:set package 'swarm_library' build argument 'cmake_target_skip_unavailable' from command line to 'False'
[6.819s] Level 5:colcon.colcon_core.verb:set package 'swarm_library' build argument 'cmake_clean_cache' from command line to 'False'
[6.819s] Level 5:colcon.colcon_core.verb:set package 'swarm_library' build argument 'cmake_clean_first' from command line to 'False'
[6.819s] Level 5:colcon.colcon_core.verb:set package 'swarm_library' build argument 'cmake_force_configure' from command line to 'False'
[6.820s] Level 5:colcon.colcon_core.verb:set package 'swarm_library' build argument 'ament_cmake_args' from command line to 'None'
[6.820s] Level 5:colcon.colcon_core.verb:set package 'swarm_library' build argument 'catkin_cmake_args' from command line to 'None'
[6.820s] Level 5:colcon.colcon_core.verb:set package 'swarm_library' build argument 'catkin_skip_building_tests' from command line to 'False'
[6.820s] DEBUG:colcon.colcon_core.verb:Building package 'swarm_library' with the following arguments: {'ament_cmake_args': None, 'build_base': '/home/fabrizzio/ros2_ws/src/swarm_bots/src/swarm_library/build/swarm_library', 'catkin_cmake_args': None, 'catkin_skip_building_tests': False, 'cmake_args': None, 'cmake_clean_cache': False, 'cmake_clean_first': False, 'cmake_force_configure': False, 'cmake_target': None, 'cmake_target_skip_unavailable': False, 'install_base': '/home/fabrizzio/ros2_ws/src/swarm_bots/src/swarm_library/install/swarm_library', 'merge_install': False, 'path': '/home/fabrizzio/ros2_ws/src/swarm_bots/src/swarm_library', 'symlink_install': False, 'test_result_base': None}
[6.903s] INFO:colcon.colcon_core.executor:Executing jobs using 'parallel' executor
[6.991s] DEBUG:colcon.colcon_parallel_executor.executor.parallel:run_until_complete
[6.992s] INFO:colcon.colcon_cmake.task.cmake.build:Building CMake package in '/home/fabrizzio/ros2_ws/src/swarm_bots/src/swarm_library'
[7.081s] INFO:colcon.colcon_core.plugin_system:Skipping extension 'colcon_core.shell.bat': Not used on non-Windows systems
[7.082s] INFO:colcon.colcon_core.shell:Skip shell extension 'powershell' for command environment: Not usable outside of PowerShell
[7.082s] DEBUG:colcon.colcon_core.shell:Skip shell extension 'dsv' for command environment
[7.328s] DEBUG:colcon.colcon_core.event_handler.log_command:Invoking command in '/home/fabrizzio/ros2_ws/src/swarm_bots/src/swarm_library/build/swarm_library': /usr/bin/cmake /home/fabrizzio/ros2_ws/src/swarm_bots/src/swarm_library -DCMAKE_INSTALL_PREFIX=/home/fabrizzio/ros2_ws/src/swarm_bots/src/swarm_library/install/swarm_library
[14.206s] DEBUG:colcon.colcon_core.event_handler.log_command:Invoked command in '/home/fabrizzio/ros2_ws/src/swarm_bots/src/swarm_library/build/swarm_library' returned '0': /usr/bin/cmake /home/fabrizzio/ros2_ws/src/swarm_bots/src/swarm_library -DCMAKE_INSTALL_PREFIX=/home/fabrizzio/ros2_ws/src/swarm_bots/src/swarm_library/install/swarm_library
[14.213s] DEBUG:colcon.colcon_core.event_handler.log_command:Invoking command in '/home/fabrizzio/ros2_ws/src/swarm_bots/src/swarm_library/build/swarm_library': /usr/bin/cmake --build /home/fabrizzio/ros2_ws/src/swarm_bots/src/swarm_library/build/swarm_library -- -j8 -l8
[22.546s] DEBUG:colcon.colcon_core.event_handler.log_command:Invoked command in '/home/fabrizzio/ros2_ws/src/swarm_bots/src/swarm_library/build/swarm_library' returned '0': /usr/bin/cmake --build /home/fabrizzio/ros2_ws/src/swarm_bots/src/swarm_library/build/swarm_library -- -j8 -l8
[22.739s] DEBUG:colcon.colcon_core.event_handler.log_command:Invoking command in '/home/fabrizzio/ros2_ws/src/swarm_bots/src/swarm_library/build/swarm_library': /usr/bin/cmake --install /home/fabrizzio/ros2_ws/src/swarm_bots/src/swarm_library/build/swarm_library
[22.785s] Level 1:colcon.colcon_core.environment:create_environment_scripts_only(swarm_library)
[22.787s] DEBUG:colcon.colcon_core.event_handler.log_command:Invoked command in '/home/fabrizzio/ros2_ws/src/swarm_bots/src/swarm_library/build/swarm_library' returned '0': /usr/bin/cmake --install /home/fabrizzio/ros2_ws/src/swarm_bots/src/swarm_library/build/swarm_library
[22.871s] Level 1:colcon.colcon_core.environment:checking '/home/fabrizzio/ros2_ws/src/swarm_bots/src/swarm_library/install/swarm_library' for CMake module files
[22.873s] Level 1:colcon.colcon_core.environment:checking '/home/fabrizzio/ros2_ws/src/swarm_bots/src/swarm_library/install/swarm_library' for CMake config files
[22.875s] Level 1:colcon.colcon_core.environment:checking '/home/fabrizzio/ros2_ws/src/swarm_bots/src/swarm_library/install/swarm_library/lib'
[22.875s] Level 1:colcon.colcon_core.environment:checking '/home/fabrizzio/ros2_ws/src/swarm_bots/src/swarm_library/install/swarm_library/bin'
[22.876s] Level 1:colcon.colcon_core.environment:checking '/home/fabrizzio/ros2_ws/src/swarm_bots/src/swarm_library/install/swarm_library/lib/pkgconfig/swarm_library.pc'
[22.877s] Level 1:colcon.colcon_core.environment:checking '/home/fabrizzio/ros2_ws/src/swarm_bots/src/swarm_library/install/swarm_library/lib/python3.10/site-packages'
[22.878s] Level 1:colcon.colcon_core.environment:checking '/home/fabrizzio/ros2_ws/src/swarm_bots/src/swarm_library/install/swarm_library/bin'
[22.954s] INFO:colcon.colcon_core.shell:Creating package script '/home/fabrizzio/ros2_ws/src/swarm_bots/src/swarm_library/install/swarm_library/share/swarm_library/package.ps1'
[22.957s] INFO:colcon.colcon_core.shell:Creating package descriptor '/home/fabrizzio/ros2_ws/src/swarm_bots/src/swarm_library/install/swarm_library/share/swarm_library/package.dsv'
[22.958s] INFO:colcon.colcon_core.shell:Creating package script '/home/fabrizzio/ros2_ws/src/swarm_bots/src/swarm_library/install/swarm_library/share/swarm_library/package.sh'
[22.961s] INFO:colcon.colcon_core.shell:Creating package script '/home/fabrizzio/ros2_ws/src/swarm_bots/src/swarm_library/install/swarm_library/share/swarm_library/package.bash'
[22.964s] INFO:colcon.colcon_core.shell:Creating package script '/home/fabrizzio/ros2_ws/src/swarm_bots/src/swarm_library/install/swarm_library/share/swarm_library/package.zsh'
[22.966s] Level 1:colcon.colcon_core.environment:create_file_with_runtime_dependencies(/home/fabrizzio/ros2_ws/src/swarm_bots/src/swarm_library/install/swarm_library/share/colcon-core/packages/swarm_library)
[22.968s] DEBUG:colcon.colcon_parallel_executor.executor.parallel:closing loop
[22.969s] DEBUG:colcon.colcon_parallel_executor.executor.parallel:loop closed
[22.969s] DEBUG:colcon.colcon_parallel_executor.executor.parallel:run_until_complete finished with '0'
[22.969s] DEBUG:colcon.colcon_core.event_reactor:joining thread
[23.069s] INFO:colcon.colcon_core.plugin_system:Skipping extension 'colcon_notification.desktop_notification.terminal_notifier': Not used on non-Darwin systems
[23.070s] INFO:colcon.colcon_core.plugin_system:Skipping extension 'colcon_notification.desktop_notification.win32': Not used on non-Windows systems
[23.070s] INFO:colcon.colcon_notification.desktop_notification:Sending desktop notification using 'notify2'
[23.123s] DEBUG:colcon.colcon_core.event_reactor:joined thread
[23.222s] INFO:colcon.colcon_core.shell:Creating prefix script '/home/fabrizzio/ros2_ws/src/swarm_bots/src/swarm_library/install/local_setup.ps1'
[23.225s] INFO:colcon.colcon_core.shell:Creating prefix util module '/home/fabrizzio/ros2_ws/src/swarm_bots/src/swarm_library/install/_local_setup_util_ps1.py'
[23.233s] INFO:colcon.colcon_core.shell:Creating prefix chain script '/home/fabrizzio/ros2_ws/src/swarm_bots/src/swarm_library/install/setup.ps1'
[23.344s] INFO:colcon.colcon_core.shell:Creating prefix script '/home/fabrizzio/ros2_ws/src/swarm_bots/src/swarm_library/install/local_setup.sh'
[23.346s] INFO:colcon.colcon_core.shell:Creating prefix util module '/home/fabrizzio/ros2_ws/src/swarm_bots/src/swarm_library/install/_local_setup_util_sh.py'
[23.348s] INFO:colcon.colcon_core.shell:Creating prefix chain script '/home/fabrizzio/ros2_ws/src/swarm_bots/src/swarm_library/install/setup.sh'
[23.434s] INFO:colcon.colcon_core.shell:Creating prefix script '/home/fabrizzio/ros2_ws/src/swarm_bots/src/swarm_library/install/local_setup.bash'
[23.435s] INFO:colcon.colcon_core.shell:Creating prefix chain script '/home/fabrizzio/ros2_ws/src/swarm_bots/src/swarm_library/install/setup.bash'
[23.513s] INFO:colcon.colcon_core.shell:Creating prefix script '/home/fabrizzio/ros2_ws/src/swarm_bots/src/swarm_library/install/local_setup.zsh'
[23.514s] INFO:colcon.colcon_core.shell:Creating prefix chain script '/home/fabrizzio/ros2_ws/src/swarm_bots/src/swarm_library/install/setup.zsh'
